Using pre-set license
Built from '2021.3/staging' branch; Version is '2021.3.10f1 (1c7d0df0160b) revision 1867021'; Using compiler version '192829333'; Build Type 'Release'
OS: 'Windows 10  (10.0.19044) 64bit Professional' Language: 'ja' Physical Memory: 16187 MB
BatchMode: 1, IsHumanControllingUs: 0, StartBugReporterOnCrash: 0, Is64bit: 1, IsPro: 1

COMMAND LINE ARGUMENTS:
C:\Program Files\Unity\Hub\Editor\2021.3.10f1\Editor\Unity.exe
-adb2
-batchMode
-noUpm
-name
AssetImportWorker6
-projectPath
C:/Users/student/Desktop/asd/MyNewGame
-logFile
Logs/AssetImportWorker6.log
-srvPort
61410
Successfully changed project path to: C:/Users/student/Desktop/asd/MyNewGame
C:/Users/student/Desktop/asd/MyNewGame
[UnityMemory] Configuration Parameters - Can be set up in boot.config
    "memorysetup-bucket-allocator-granularity=16"
    "memorysetup-bucket-allocator-bucket-count=8"
    "memorysetup-bucket-allocator-block-size=33554432"
    "memorysetup-bucket-allocator-block-count=8"
    "memorysetup-main-allocator-block-size=16777216"
    "memorysetup-thread-allocator-block-size=16777216"
    "memorysetup-gfx-main-allocator-block-size=16777216"
    "memorysetup-gfx-thread-allocator-block-size=16777216"
    "memorysetup-cache-allocator-block-size=4194304"
    "memorysetup-typetree-allocator-block-size=2097152"
    "memorysetup-profiler-bucket-allocator-granularity=16"
    "memorysetup-profiler-bucket-allocator-bucket-count=8"
    "memorysetup-profiler-bucket-allocator-block-size=33554432"
    "memorysetup-profiler-bucket-allocator-block-count=8"
    "memorysetup-profiler-allocator-block-size=16777216"
    "memorysetup-profiler-editor-allocator-block-size=1048576"
    "memorysetup-temp-allocator-size-main=16777216"
    "memorysetup-job-temp-allocator-block-size=2097152"
    "memorysetup-job-temp-allocator-block-size-background=1048576"
    "memorysetup-job-temp-allocator-reduction-small-platforms=262144"
    "memorysetup-temp-allocator-size-background-worker=32768"
    "memorysetup-temp-allocator-size-job-worker=262144"
    "memorysetup-temp-allocator-size-preload-manager=33554432"
    "memorysetup-temp-allocator-size-nav-mesh-worker=65536"
    "memorysetup-temp-allocator-size-audio-worker=65536"
    "memorysetup-temp-allocator-size-cloud-worker=32768"
    "memorysetup-temp-allocator-size-gi-baking-worker=262144"
    "memorysetup-temp-allocator-size-gfx=262144"
Refreshing native plugins compatible for Editor in 142.07 ms, found 5 plugins.
Preloading 0 native plugins for Editor in 0.00 ms.
Initialize engine version: 2021.3.10f1 (1c7d0df0160b)
[Subsystems] Discovering subsystems at path C:/Program Files/Unity/Hub/Editor/2021.3.10f1/Editor/Data/Resources/UnitySubsystems
[Subsystems] Discovering subsystems at path C:/Users/student/Desktop/asd/MyNewGame/Assets
GfxDevice: creating device client; threaded=0; jobified=0
Direct3D:
    Version:  Direct3D 11.0 [level 11.1]
    Renderer: NVIDIA GeForce RTX 2070 (ID=0x1f10)
    Vendor:   NVIDIA
    VRAM:     8031 MB
    Driver:   30.0.15.1165
Initialize mono
Mono path[0] = 'C:/Program Files/Unity/Hub/Editor/2021.3.10f1/Editor/Data/Managed'
Mono path[1] = 'C:/Program Files/Unity/Hub/Editor/2021.3.10f1/Editor/Data/MonoBleedingEdge/lib/mono/unityjit-win32'
Mono config path = 'C:/Program Files/Unity/Hub/Editor/2021.3.10f1/Editor/Data/MonoBleedingEdge/etc'
Using monoOptions --debugger-agent=transport=dt_socket,embedding=1,server=y,suspend=n,address=127.0.0.1:56216
Begin MonoManager ReloadAssembly
Registering precompiled unity dll's ...
Register platform support module: C:/Program Files/Unity/Hub/Editor/2021.3.10f1/Editor/Data/PlaybackEngines/WebGLSupport/UnityEditor.WebGL.Extensions.dll
Register platform support module: C:/Program Files/Unity/Hub/Editor/2021.3.10f1/Editor/Data/PlaybackEngines/AndroidPlayer/UnityEditor.Android.Extensions.dll
Register platform support module: C:/Program Files/Unity/Hub/Editor/2021.3.10f1/Editor/Data/PlaybackEngines/iOSSupport/UnityEditor.iOS.Extensions.dll
Register platform support module: C:/Program Files/Unity/Hub/Editor/2021.3.10f1/Editor/Data/PlaybackEngines/WindowsStandaloneSupport/UnityEditor.WindowsStandalone.Extensions.dll
Registered in 0.015895 seconds.
Native extension for WindowsStandalone target not found
[usbmuxd] Start listen thread
[usbmuxd] Listen thread started
[usbmuxd] Send listen message
Native extension for iOS target not found
Native extension for Android target not found
Native extension for WebGL target not found
Refreshing native plugins compatible for Editor in 138.80 ms, found 5 plugins.
Preloading 0 native plugins for Editor in 0.00 ms.
Mono: successfully reloaded assembly
- Completed reload, in  1.045 seconds
Domain Reload Profiling:
	ReloadAssembly (1045ms)
		BeginReloadAssembly (126ms)
			ExecutionOrderSort (0ms)
			DisableScriptedObjects (0ms)
			BackupInstance (0ms)
			ReleaseScriptingObjects (0ms)
			CreateAndSetChildDomain (1ms)
		EndReloadAssembly (749ms)
			LoadAssemblies (123ms)
			RebuildTransferFunctionScriptingTraits (0ms)
			SetupTypeCache (178ms)
			ReleaseScriptCaches (0ms)
			RebuildScriptCaches (42ms)
			SetupLoadedEditorAssemblies (441ms)
				LogAssemblyErrors (0ms)
				InitializePlatformSupportModulesInManaged (100ms)
				SetLoadedEditorAssemblies (0ms)
				RefreshPlugins (139ms)
				BeforeProcessingInitializeOnLoad (2ms)
				ProcessInitializeOnLoadAttributes (137ms)
				ProcessInitializeOnLoadMethodAttributes (63ms)
				AfterProcessingInitializeOnLoad (0ms)
				EditorAssembliesLoaded (0ms)
			ExecutionOrderSort2 (0ms)
			AwakeInstancesAfterBackupRestoration (0ms)
Platform modules already initialized, skipping
Registering precompiled user dll's ...
Registered in 0.010773 seconds.
Begin MonoManager ReloadAssembly
Symbol file LoadedFromMemory doesn't match image C:\Users\student\Desktop\asd\MyNewGame\Library\PackageCache\com.unity.visualscripting@1.7.8\Editor\VisualScripting.Core\Dependencies\YamlDotNet\Unity.VisualScripting.YamlDotNet.dll
Symbol file LoadedFromMemory doesn't match image C:\Users\student\Desktop\asd\MyNewGame\Library\PackageCache\com.unity.visualscripting@1.7.8\Editor\VisualScripting.Core\Dependencies\DotNetZip\Unity.VisualScripting.IonicZip.dll
Native extension for WindowsStandalone target not found
Native extension for iOS target not found
Native extension for Android target not found
Native extension for WebGL target not found
Refreshing native plugins compatible for Editor in 0.85 ms, found 5 plugins.
Preloading 0 native plugins for Editor in 0.00 ms.
Mono: successfully reloaded assembly
- Completed reload, in  1.708 seconds
Domain Reload Profiling:
	ReloadAssembly (1709ms)
		BeginReloadAssembly (271ms)
			ExecutionOrderSort (0ms)
			DisableScriptedObjects (8ms)
			BackupInstance (0ms)
			ReleaseScriptingObjects (0ms)
			CreateAndSetChildDomain (139ms)
		EndReloadAssembly (1263ms)
			LoadAssemblies (126ms)
			RebuildTransferFunctionScriptingTraits (0ms)
			SetupTypeCache (396ms)
			ReleaseScriptCaches (1ms)
			RebuildScriptCaches (83ms)
			SetupLoadedEditorAssemblies (602ms)
				LogAssemblyErrors (0ms)
				InitializePlatformSupportModulesInManaged (39ms)
				SetLoadedEditorAssemblies (1ms)
				RefreshPlugins (1ms)
				BeforeProcessingInitializeOnLoad (149ms)
				ProcessInitializeOnLoadAttributes (348ms)
				ProcessInitializeOnLoadMethodAttributes (51ms)
				AfterProcessingInitializeOnLoad (13ms)
				EditorAssembliesLoaded (0ms)
			ExecutionOrderSort2 (0ms)
			AwakeInstancesAfterBackupRestoration (8ms)
Platform modules already initialized, skipping
========================================================================
Worker process is ready to serve import requests
Launched and connected shader compiler UnityShaderCompiler.exe after 0.06 seconds
Refreshing native plugins compatible for Editor in 0.83 ms, found 5 plugins.
Preloading 0 native plugins for Editor in 0.00 ms.
Unloading 3919 Unused Serialized files (Serialized files now loaded: 0)
Unloading 108 unused Assets / (10.3 MB). Loaded Objects now: 4323.
Memory consumption went from 175.0 MB to 164.7 MB.
Total: 11.869500 ms (FindLiveObjects: 0.409800 ms CreateObjectMapping: 0.335700 ms MarkObjects: 4.376800 ms  DeleteObjects: 6.746100 ms)

AssetImportParameters requested are different than current active one (requested -> active):
  custom:video-decoder-ogg-theora: a1e56fd34408186e4bbccfd4996cb3dc -> 
  custom:container-muxer-webm: aa71ff27fc2769a1b78a27578f13a17b -> 
  custom:container-demuxer-webm: 4f35f7cbe854078d1ac9338744f61a02 -> 
  custom:video-encoder-webm-vp8: eb34c28f22e8b96e1ab97ce403110664 -> 
  custom:audio-encoder-webm-vorbis: bf7c407c2cedff20999df2af8eb42d56 -> 
  custom:framework-win-MediaFoundation: 216162199b28c13a410421893ffa2e32 -> 
  custom:container-demuxer-ogg: 62fdf1f143b41e24485cea50d1cbac27 -> 
  custom:video-decoder-webm-vp8: 9c59270c3fd7afecdb556c50c9e8de78 -> 
  custom:audio-decoder-ogg-vorbis: bf7c407c2cedff20999df2af8eb42d56 -> 
========================================================================
Received Prepare
Registering precompiled user dll's ...
Registered in 0.010136 seconds.
Begin MonoManager ReloadAssembly
Symbol file LoadedFromMemory doesn't match image C:\Users\student\Desktop\asd\MyNewGame\Library\PackageCache\com.unity.visualscripting@1.7.8\Editor\VisualScripting.Core\Dependencies\YamlDotNet\Unity.VisualScripting.YamlDotNet.dll
Symbol file LoadedFromMemory doesn't match image C:\Users\student\Desktop\asd\MyNewGame\Library\PackageCache\com.unity.visualscripting@1.7.8\Editor\VisualScripting.Core\Dependencies\DotNetZip\Unity.VisualScripting.IonicZip.dll
Native extension for WindowsStandalone target not found
Native extension for iOS target not found
Native extension for Android target not found
Native extension for WebGL target not found
Refreshing native plugins compatible for Editor in 0.92 ms, found 5 plugins.
Preloading 0 native plugins for Editor in 0.00 ms.
Mono: successfully reloaded assembly
- Completed reload, in  1.753 seconds
Domain Reload Profiling:
	ReloadAssembly (1754ms)
		BeginReloadAssembly (193ms)
			ExecutionOrderSort (0ms)
			DisableScriptedObjects (9ms)
			BackupInstance (0ms)
			ReleaseScriptingObjects (0ms)
			CreateAndSetChildDomain (49ms)
		EndReloadAssembly (1408ms)
			LoadAssemblies (129ms)
			RebuildTransferFunctionScriptingTraits (0ms)
			SetupTypeCache (466ms)
			ReleaseScriptCaches (2ms)
			RebuildScriptCaches (77ms)
			SetupLoadedEditorAssemblies (657ms)
				LogAssemblyErrors (0ms)
				InitializePlatformSupportModulesInManaged (52ms)
				SetLoadedEditorAssemblies (2ms)
				RefreshPlugins (1ms)
				BeforeProcessingInitializeOnLoad (129ms)
				ProcessInitializeOnLoadAttributes (406ms)
				ProcessInitializeOnLoadMethodAttributes (52ms)
				AfterProcessingInitializeOnLoad (15ms)
				EditorAssembliesLoaded (0ms)
			ExecutionOrderSort2 (0ms)
			AwakeInstancesAfterBackupRestoration (10ms)
Platform modules already initialized, skipping
Refreshing native plugins compatible for Editor in 3.62 ms, found 5 plugins.
Preloading 0 native plugins for Editor in 0.00 ms.
Unloading 3844 Unused Serialized files (Serialized files now loaded: 0)
Unloading 85 unused Assets / (10.4 MB). Loaded Objects now: 4338.
Memory consumption went from 167.6 MB to 157.2 MB.
Total: 16.881100 ms (FindLiveObjects: 0.414600 ms CreateObjectMapping: 0.468500 ms MarkObjects: 8.096300 ms  DeleteObjects: 7.900300 ms)

AssetImportParameters requested are different than current active one (requested -> active):
  custom:video-decoder-ogg-theora: a1e56fd34408186e4bbccfd4996cb3dc -> 
  custom:container-muxer-webm: aa71ff27fc2769a1b78a27578f13a17b -> 
  custom:container-demuxer-webm: 4f35f7cbe854078d1ac9338744f61a02 -> 
  custom:video-encoder-webm-vp8: eb34c28f22e8b96e1ab97ce403110664 -> 
  custom:audio-encoder-webm-vorbis: bf7c407c2cedff20999df2af8eb42d56 -> 
  custom:framework-win-MediaFoundation: 216162199b28c13a410421893ffa2e32 -> 
  custom:container-demuxer-ogg: 62fdf1f143b41e24485cea50d1cbac27 -> 
  custom:video-decoder-webm-vp8: 9c59270c3fd7afecdb556c50c9e8de78 -> 
  custom:audio-decoder-ogg-vorbis: bf7c407c2cedff20999df2af8eb42d56 -> 
========================================================================
Received Prepare
Registering precompiled user dll's ...
Registered in 0.010065 seconds.
Begin MonoManager ReloadAssembly
Symbol file LoadedFromMemory doesn't match image C:\Users\student\Desktop\asd\MyNewGame\Library\PackageCache\com.unity.visualscripting@1.7.8\Editor\VisualScripting.Core\Dependencies\YamlDotNet\Unity.VisualScripting.YamlDotNet.dll
Symbol file LoadedFromMemory doesn't match image C:\Users\student\Desktop\asd\MyNewGame\Library\PackageCache\com.unity.visualscripting@1.7.8\Editor\VisualScripting.Core\Dependencies\DotNetZip\Unity.VisualScripting.IonicZip.dll
Native extension for WindowsStandalone target not found
Native extension for iOS target not found
Native extension for Android target not found
Native extension for WebGL target not found
Refreshing native plugins compatible for Editor in 0.88 ms, found 5 plugins.
Preloading 0 native plugins for Editor in 0.00 ms.
Mono: successfully reloaded assembly
- Completed reload, in  1.690 seconds
Domain Reload Profiling:
	ReloadAssembly (1691ms)
		BeginReloadAssembly (214ms)
			ExecutionOrderSort (0ms)
			DisableScriptedObjects (9ms)
			BackupInstance (0ms)
			ReleaseScriptingObjects (0ms)
			CreateAndSetChildDomain (56ms)
		EndReloadAssembly (1305ms)
			LoadAssemblies (150ms)
			RebuildTransferFunctionScriptingTraits (0ms)
			SetupTypeCache (418ms)
			ReleaseScriptCaches (2ms)
			RebuildScriptCaches (76ms)
			SetupLoadedEditorAssemblies (603ms)
				LogAssemblyErrors (0ms)
				InitializePlatformSupportModulesInManaged (54ms)
				SetLoadedEditorAssemblies (1ms)
				RefreshPlugins (1ms)
				BeforeProcessingInitializeOnLoad (132ms)
				ProcessInitializeOnLoadAttributes (350ms)
				ProcessInitializeOnLoadMethodAttributes (50ms)
				AfterProcessingInitializeOnLoad (15ms)
				EditorAssembliesLoaded (0ms)
			ExecutionOrderSort2 (0ms)
			AwakeInstancesAfterBackupRestoration (9ms)
Platform modules already initialized, skipping
Refreshing native plugins compatible for Editor in 4.80 ms, found 5 plugins.
Preloading 0 native plugins for Editor in 0.00 ms.
Unloading 3844 Unused Serialized files (Serialized files now loaded: 0)
Unloading 85 unused Assets / (10.2 MB). Loaded Objects now: 4353.
Memory consumption went from 167.5 MB to 157.2 MB.
Total: 13.207300 ms (FindLiveObjects: 0.511200 ms CreateObjectMapping: 0.322900 ms MarkObjects: 4.457100 ms  DeleteObjects: 7.914300 ms)

AssetImportParameters requested are different than current active one (requested -> active):
  custom:video-decoder-ogg-theora: a1e56fd34408186e4bbccfd4996cb3dc -> 
  custom:container-muxer-webm: aa71ff27fc2769a1b78a27578f13a17b -> 
  custom:container-demuxer-webm: 4f35f7cbe854078d1ac9338744f61a02 -> 
  custom:video-encoder-webm-vp8: eb34c28f22e8b96e1ab97ce403110664 -> 
  custom:audio-encoder-webm-vorbis: bf7c407c2cedff20999df2af8eb42d56 -> 
  custom:framework-win-MediaFoundation: 216162199b28c13a410421893ffa2e32 -> 
  custom:container-demuxer-ogg: 62fdf1f143b41e24485cea50d1cbac27 -> 
  custom:video-decoder-webm-vp8: 9c59270c3fd7afecdb556c50c9e8de78 -> 
  custom:audio-decoder-ogg-vorbis: bf7c407c2cedff20999df2af8eb42d56 -> 
========================================================================
Received Import Request.
  Time since last request: 769070.854250 seconds.
  path: Assets/SimpleCollectiblesPack/Prefabs/BarsOfSilver.prefab
  artifactKey: Guid(5199d6ab356967f41bd64316c9e60daf) Importer(815301076,1909f56bfc062723c751e8b465ee728b)
Start importing Assets/SimpleCollectiblesPack/Prefabs/BarsOfSilver.prefab using Guid(5199d6ab356967f41bd64316c9e60daf) Importer(815301076,1909f56bfc062723c751e8b465ee728b)  -> (artifact id: '066104c0223c5854d5bc022c75034282') in 0.244929 seconds 
========================================================================
Received Import Request.
  Time since last request: 0.000034 seconds.
  path: Assets/SimpleCollectiblesPack/Prefabs/HealthPlusRed.prefab
  artifactKey: Guid(59c7078d344dfe94f97e849fe4f0dce0) Importer(815301076,1909f56bfc062723c751e8b465ee728b)
Start importing Assets/SimpleCollectiblesPack/Prefabs/HealthPlusRed.prefab using Guid(59c7078d344dfe94f97e849fe4f0dce0) Importer(815301076,1909f56bfc062723c751e8b465ee728b)  -> (artifact id: '8a04d3b2e35654e926c15421134d29ba') in 0.019242 seconds 
========================================================================
Received Import Request.
  Time since last request: 0.000039 seconds.
  path: Assets/SimpleCollectiblesPack/Prefabs/NoteDoubleSilver.prefab
  artifactKey: Guid(20bf4e5832bca134cb9c385228c3fab4) Importer(815301076,1909f56bfc062723c751e8b465ee728b)
Start importing Assets/SimpleCollectiblesPack/Prefabs/NoteDoubleSilver.prefab using Guid(20bf4e5832bca134cb9c385228c3fab4) Importer(815301076,1909f56bfc062723c751e8b465ee728b)  -> (artifact id: 'c4453c37630ba546076723b6630fa069') in 0.015808 seconds 
========================================================================
Received Import Request.
  Time since last request: 0.000031 seconds.
  path: Assets/SimpleCollectiblesPack/Prefabs/Sword.prefab
  artifactKey: Guid(eb20313e46ca14d4ab638ede406702d4) Importer(815301076,1909f56bfc062723c751e8b465ee728b)
Start importing Assets/SimpleCollectiblesPack/Prefabs/Sword.prefab using Guid(eb20313e46ca14d4ab638ede406702d4) Importer(815301076,1909f56bfc062723c751e8b465ee728b)  -> (artifact id: '2120a5f05d03f1bb8d42decdbd63ecb9') in 0.015126 seconds 
========================================================================
Received Import Request.
  Time since last request: 0.000034 seconds.
  path: Assets/SimpleCollectiblesPack/Prefabs/Gun2.prefab
  artifactKey: Guid(6acc3db960c36484f8e89c31d7a691d8) Importer(815301076,1909f56bfc062723c751e8b465ee728b)
Start importing Assets/SimpleCollectiblesPack/Prefabs/Gun2.prefab using Guid(6acc3db960c36484f8e89c31d7a691d8) Importer(815301076,1909f56bfc062723c751e8b465ee728b)  -> (artifact id: '86b5aa53faf05c36b6738ec5753a3320') in 0.016850 seconds 
========================================================================
Received Import Request.
  Time since last request: 0.000027 seconds.
  path: Assets/SimpleCollectiblesPack/Prefabs/CoinSilver.prefab
  artifactKey: Guid(4565e6ec6e5edae4b9181a1591dd7ccf) Importer(815301076,1909f56bfc062723c751e8b465ee728b)
Start importing Assets/SimpleCollectiblesPack/Prefabs/CoinSilver.prefab using Guid(4565e6ec6e5edae4b9181a1591dd7ccf) Importer(815301076,1909f56bfc062723c751e8b465ee728b)  -> (artifact id: 'a5e0fb6a9a432cd14a008e85b4f644d2') in 0.019076 seconds 
========================================================================
Received Import Request.
  Time since last request: 0.000035 seconds.
  path: Assets/SimpleCollectiblesPack/Prefabs/CoinGold.prefab
  artifactKey: Guid(4eca7a8ef879cfb41b294a8c0d69ea58) Importer(815301076,1909f56bfc062723c751e8b465ee728b)
Start importing Assets/SimpleCollectiblesPack/Prefabs/CoinGold.prefab using Guid(4eca7a8ef879cfb41b294a8c0d69ea58) Importer(815301076,1909f56bfc062723c751e8b465ee728b)  -> (artifact id: '9a1e52b5614044fa22b6aed54a8ed0e9') in 0.021542 seconds 
========================================================================
Received Import Request.
  Time since last request: 0.000036 seconds.
  path: Assets/SimpleCollectiblesPack/Prefabs/HourGlass.prefab
  artifactKey: Guid(8e96a5cadf0c8f948b8c09bc6772e39e) Importer(815301076,1909f56bfc062723c751e8b465ee728b)
Start importing Assets/SimpleCollectiblesPack/Prefabs/HourGlass.prefab using Guid(8e96a5cadf0c8f948b8c09bc6772e39e) Importer(815301076,1909f56bfc062723c751e8b465ee728b)  -> (artifact id: '2cc4f0c64bd1065891dee96821bf9921') in 0.022857 seconds 
========================================================================
Received Prepare
Registering precompiled user dll's ...
Registered in 0.011478 seconds.
Begin MonoManager ReloadAssembly
Symbol file LoadedFromMemory doesn't match image C:\Users\student\Desktop\asd\MyNewGame\Library\PackageCache\com.unity.visualscripting@1.7.8\Editor\VisualScripting.Core\Dependencies\YamlDotNet\Unity.VisualScripting.YamlDotNet.dll
Symbol file LoadedFromMemory doesn't match image C:\Users\student\Desktop\asd\MyNewGame\Library\PackageCache\com.unity.visualscripting@1.7.8\Editor\VisualScripting.Core\Dependencies\DotNetZip\Unity.VisualScripting.IonicZip.dll
Native extension for WindowsStandalone target not found
Native extension for iOS target not found
Native extension for Android target not found
Native extension for WebGL target not found
Refreshing native plugins compatible for Editor in 0.85 ms, found 5 plugins.
Preloading 0 native plugins for Editor in 0.00 ms.
Mono: successfully reloaded assembly
- Completed reload, in  1.781 seconds
Domain Reload Profiling:
	ReloadAssembly (1782ms)
		BeginReloadAssembly (219ms)
			ExecutionOrderSort (0ms)
			DisableScriptedObjects (9ms)
			BackupInstance (0ms)
			ReleaseScriptingObjects (0ms)
			CreateAndSetChildDomain (67ms)
		EndReloadAssembly (1378ms)
			LoadAssemblies (151ms)
			RebuildTransferFunctionScriptingTraits (0ms)
			SetupTypeCache (511ms)
			ReleaseScriptCaches (2ms)
			RebuildScriptCaches (73ms)
			SetupLoadedEditorAssemblies (581ms)
				LogAssemblyErrors (0ms)
				InitializePlatformSupportModulesInManaged (49ms)
				SetLoadedEditorAssemblies (1ms)
				RefreshPlugins (1ms)
				BeforeProcessingInitializeOnLoad (135ms)
				ProcessInitializeOnLoadAttributes (333ms)
				ProcessInitializeOnLoadMethodAttributes (46ms)
				AfterProcessingInitializeOnLoad (15ms)
				EditorAssembliesLoaded (0ms)
			ExecutionOrderSort2 (0ms)
			AwakeInstancesAfterBackupRestoration (10ms)
Platform modules already initialized, skipping
Refreshing native plugins compatible for Editor in 4.13 ms, found 5 plugins.
Preloading 0 native plugins for Editor in 0.00 ms.
Unloading 3844 Unused Serialized files (Serialized files now loaded: 0)
Unloading 85 unused Assets / (10.3 MB). Loaded Objects now: 4376.
Memory consumption went from 172.4 MB to 162.1 MB.
Total: 14.061400 ms (FindLiveObjects: 0.470500 ms CreateObjectMapping: 0.297100 ms MarkObjects: 3.777000 ms  DeleteObjects: 9.515000 ms)

AssetImportParameters requested are different than current active one (requested -> active):
  custom:video-decoder-ogg-theora: a1e56fd34408186e4bbccfd4996cb3dc -> 
  custom:container-muxer-webm: aa71ff27fc2769a1b78a27578f13a17b -> 
  custom:container-demuxer-webm: 4f35f7cbe854078d1ac9338744f61a02 -> 
  custom:video-encoder-webm-vp8: eb34c28f22e8b96e1ab97ce403110664 -> 
  custom:audio-encoder-webm-vorbis: bf7c407c2cedff20999df2af8eb42d56 -> 
  custom:framework-win-MediaFoundation: 216162199b28c13a410421893ffa2e32 -> 
  custom:container-demuxer-ogg: 62fdf1f143b41e24485cea50d1cbac27 -> 
  custom:video-decoder-webm-vp8: 9c59270c3fd7afecdb556c50c9e8de78 -> 
  custom:audio-decoder-ogg-vorbis: bf7c407c2cedff20999df2af8eb42d56 -> 
========================================================================
Received Prepare
Registering precompiled user dll's ...
Registered in 0.010844 seconds.
Begin MonoManager ReloadAssembly
Symbol file LoadedFromMemory doesn't match image C:\Users\student\Desktop\asd\MyNewGame\Library\PackageCache\com.unity.visualscripting@1.7.8\Editor\VisualScripting.Core\Dependencies\YamlDotNet\Unity.VisualScripting.YamlDotNet.dll
Symbol file LoadedFromMemory doesn't match image C:\Users\student\Desktop\asd\MyNewGame\Library\PackageCache\com.unity.visualscripting@1.7.8\Editor\VisualScripting.Core\Dependencies\DotNetZip\Unity.VisualScripting.IonicZip.dll
Native extension for WindowsStandalone target not found
Native extension for iOS target not found
Native extension for Android target not found
Native extension for WebGL target not found
Refreshing native plugins compatible for Editor in 1.41 ms, found 5 plugins.
Preloading 0 native plugins for Editor in 0.00 ms.
Mono: successfully reloaded assembly
- Completed reload, in  1.854 seconds
Domain Reload Profiling:
	ReloadAssembly (1855ms)
		BeginReloadAssembly (196ms)
			ExecutionOrderSort (0ms)
			DisableScriptedObjects (10ms)
			BackupInstance (0ms)
			ReleaseScriptingObjects (0ms)
			CreateAndSetChildDomain (50ms)
		EndReloadAssembly (1493ms)
			LoadAssemblies (137ms)
			RebuildTransferFunctionScriptingTraits (0ms)
			SetupTypeCache (489ms)
			ReleaseScriptCaches (2ms)
			RebuildScriptCaches (93ms)
			SetupLoadedEditorAssemblies (678ms)
				LogAssemblyErrors (0ms)
				InitializePlatformSupportModulesInManaged (62ms)
				SetLoadedEditorAssemblies (1ms)
				RefreshPlugins (2ms)
				BeforeProcessingInitializeOnLoad (137ms)
				ProcessInitializeOnLoadAttributes (402ms)
				ProcessInitializeOnLoadMethodAttributes (55ms)
				AfterProcessingInitializeOnLoad (18ms)
				EditorAssembliesLoaded (0ms)
			ExecutionOrderSort2 (0ms)
			AwakeInstancesAfterBackupRestoration (10ms)
Platform modules already initialized, skipping
Refreshing native plugins compatible for Editor in 3.65 ms, found 5 plugins.
Preloading 0 native plugins for Editor in 0.00 ms.
Unloading 3844 Unused Serialized files (Serialized files now loaded: 0)
Unloading 85 unused Assets / (10.2 MB). Loaded Objects now: 4391.
Memory consumption went from 172.2 MB to 162.1 MB.
Total: 15.485400 ms (FindLiveObjects: 0.636300 ms CreateObjectMapping: 0.312200 ms MarkObjects: 4.843000 ms  DeleteObjects: 9.689600 ms)

AssetImportParameters requested are different than current active one (requested -> active):
  custom:video-decoder-ogg-theora: a1e56fd34408186e4bbccfd4996cb3dc -> 
  custom:container-muxer-webm: aa71ff27fc2769a1b78a27578f13a17b -> 
  custom:container-demuxer-webm: 4f35f7cbe854078d1ac9338744f61a02 -> 
  custom:video-encoder-webm-vp8: eb34c28f22e8b96e1ab97ce403110664 -> 
  custom:audio-encoder-webm-vorbis: bf7c407c2cedff20999df2af8eb42d56 -> 
  custom:framework-win-MediaFoundation: 216162199b28c13a410421893ffa2e32 -> 
  custom:container-demuxer-ogg: 62fdf1f143b41e24485cea50d1cbac27 -> 
  custom:video-decoder-webm-vp8: 9c59270c3fd7afecdb556c50c9e8de78 -> 
  custom:audio-decoder-ogg-vorbis: bf7c407c2cedff20999df2af8eb42d56 -> 
========================================================================
Received Import Request.
  Time since last request: 46.039553 seconds.
  path: Assets/SimpleCollectiblesPack/Prefabs/BarsOfSilver.prefab
  artifactKey: Guid(5199d6ab356967f41bd64316c9e60daf) Importer(815301076,1909f56bfc062723c751e8b465ee728b)
Start importing Assets/SimpleCollectiblesPack/Prefabs/BarsOfSilver.prefab using Guid(5199d6ab356967f41bd64316c9e60daf) Importer(815301076,1909f56bfc062723c751e8b465ee728b)  -> (artifact id: '83426d6c0b88243572374726c70aa134') in 0.122257 seconds 
========================================================================
Received Import Request.
  Time since last request: 0.000027 seconds.
  path: Assets/SimpleCollectiblesPack/Prefabs/HealthPlusGreen.prefab
  artifactKey: Guid(dda9a30259f7907418f21d3f5cf7bf15) Importer(815301076,1909f56bfc062723c751e8b465ee728b)
Start importing Assets/SimpleCollectiblesPack/Prefabs/HealthPlusGreen.prefab using Guid(dda9a30259f7907418f21d3f5cf7bf15) Importer(815301076,1909f56bfc062723c751e8b465ee728b)  -> (artifact id: 'b428281ea82bd3597d27f518eff621d2') in 0.015874 seconds 
========================================================================
Received Import Request.
  Time since last request: 0.000048 seconds.
  path: Assets/SimpleCollectiblesPack/Prefabs/HealthPackRed.prefab
  artifactKey: Guid(a5ad3b53c234b9040b754b2c2c9d8fc6) Importer(815301076,1909f56bfc062723c751e8b465ee728b)
Start importing Assets/SimpleCollectiblesPack/Prefabs/HealthPackRed.prefab using Guid(a5ad3b53c234b9040b754b2c2c9d8fc6) Importer(815301076,1909f56bfc062723c751e8b465ee728b)  -> (artifact id: 'b6e05f52836e528805e6780759198bea') in 0.016718 seconds 
========================================================================
Received Import Request.
  Time since last request: 0.000024 seconds.
  path: Assets/SimpleCollectiblesPack/Prefabs/Star.prefab
  artifactKey: Guid(409010852d1134147862865a8889b834) Importer(815301076,1909f56bfc062723c751e8b465ee728b)
Start importing Assets/SimpleCollectiblesPack/Prefabs/Star.prefab using Guid(409010852d1134147862865a8889b834) Importer(815301076,1909f56bfc062723c751e8b465ee728b)  -> (artifact id: 'e41bde61058e5e465b939c4f5ff342a2') in 0.015854 seconds 
========================================================================
Received Import Request.
  Time since last request: 0.000024 seconds.
  path: Assets/SimpleCollectiblesPack/Prefabs/NoteDoubleSilver.prefab
  artifactKey: Guid(20bf4e5832bca134cb9c385228c3fab4) Importer(815301076,1909f56bfc062723c751e8b465ee728b)
Start importing Assets/SimpleCollectiblesPack/Prefabs/NoteDoubleSilver.prefab using Guid(20bf4e5832bca134cb9c385228c3fab4) Importer(815301076,1909f56bfc062723c751e8b465ee728b)  -> (artifact id: 'a8c5d7faefba92aa9c72cdd4b9682d41') in 0.014604 seconds 
========================================================================
Received Import Request.
  Time since last request: 0.000031 seconds.
  path: Assets/SimpleCollectiblesPack/Prefabs/Heart.prefab
  artifactKey: Guid(0f6fbf6ba5b56aa4ba01adc51ab77ce6) Importer(815301076,1909f56bfc062723c751e8b465ee728b)
Start importing Assets/SimpleCollectiblesPack/Prefabs/Heart.prefab using Guid(0f6fbf6ba5b56aa4ba01adc51ab77ce6) Importer(815301076,1909f56bfc062723c751e8b465ee728b)  -> (artifact id: 'b76527aa831b587e4ab4ae6ff5590e76') in 0.014981 seconds 
========================================================================
Received Import Request.
  Time since last request: 0.000025 seconds.
  path: Assets/SimpleCollectiblesPack/Prefabs/CoinSilver.prefab
  artifactKey: Guid(4565e6ec6e5edae4b9181a1591dd7ccf) Importer(815301076,1909f56bfc062723c751e8b465ee728b)
Start importing Assets/SimpleCollectiblesPack/Prefabs/CoinSilver.prefab using Guid(4565e6ec6e5edae4b9181a1591dd7ccf) Importer(815301076,1909f56bfc062723c751e8b465ee728b)  -> (artifact id: '65bbd3ea90e4d8d5fa7b12f81a7e74ca') in 0.014382 seconds 
========================================================================
Received Import Request.
  Time since last request: 0.000029 seconds.
  path: Assets/SimpleCollectiblesPack/Prefabs/HealthPackGreen.prefab
  artifactKey: Guid(4c156eaa475a7c44aa3c826450245d6a) Importer(815301076,1909f56bfc062723c751e8b465ee728b)
Start importing Assets/SimpleCollectiblesPack/Prefabs/HealthPackGreen.prefab using Guid(4c156eaa475a7c44aa3c826450245d6a) Importer(815301076,1909f56bfc062723c751e8b465ee728b)  -> (artifact id: 'b534be512e20dae8043a026d3f234144') in 0.017926 seconds 
========================================================================
Received Prepare
Registering precompiled user dll's ...
Registered in 0.011841 seconds.
Begin MonoManager ReloadAssembly
Symbol file LoadedFromMemory doesn't match image C:\Users\student\Desktop\asd\MyNewGame\Library\PackageCache\com.unity.visualscripting@1.7.8\Editor\VisualScripting.Core\Dependencies\YamlDotNet\Unity.VisualScripting.YamlDotNet.dll
Symbol file LoadedFromMemory doesn't match image C:\Users\student\Desktop\asd\MyNewGame\Library\PackageCache\com.unity.visualscripting@1.7.8\Editor\VisualScripting.Core\Dependencies\DotNetZip\Unity.VisualScripting.IonicZip.dll
Native extension for WindowsStandalone target not found
Native extension for iOS target not found
Native extension for Android target not found
Native extension for WebGL target not found
Refreshing native plugins compatible for Editor in 0.85 ms, found 5 plugins.
Preloading 0 native plugins for Editor in 0.00 ms.
Mono: successfully reloaded assembly
- Completed reload, in  1.951 seconds
Domain Reload Profiling:
	ReloadAssembly (1952ms)
		BeginReloadAssembly (211ms)
			ExecutionOrderSort (0ms)
			DisableScriptedObjects (8ms)
			BackupInstance (0ms)
			ReleaseScriptingObjects (0ms)
			CreateAndSetChildDomain (52ms)
		EndReloadAssembly (1568ms)
			LoadAssemblies (165ms)
			RebuildTransferFunctionScriptingTraits (0ms)
			SetupTypeCache (557ms)
			ReleaseScriptCaches (3ms)
			RebuildScriptCaches (101ms)
			SetupLoadedEditorAssemblies (674ms)
				LogAssemblyErrors (0ms)
				InitializePlatformSupportModulesInManaged (56ms)
				SetLoadedEditorAssemblies (1ms)
				RefreshPlugins (1ms)
				BeforeProcessingInitializeOnLoad (122ms)
				ProcessInitializeOnLoadAttributes (420ms)
				ProcessInitializeOnLoadMethodAttributes (57ms)
				AfterProcessingInitializeOnLoad (18ms)
				EditorAssembliesLoaded (0ms)
			ExecutionOrderSort2 (0ms)
			AwakeInstancesAfterBackupRestoration (14ms)
Platform modules already initialized, skipping
Refreshing native plugins compatible for Editor in 5.29 ms, found 5 plugins.
Preloading 0 native plugins for Editor in 0.00 ms.
Unloading 3844 Unused Serialized files (Serialized files now loaded: 0)
Unloading 85 unused Assets / (10.3 MB). Loaded Objects now: 4406.
Memory consumption went from 172.4 MB to 162.1 MB.
Total: 16.031300 ms (FindLiveObjects: 0.509600 ms CreateObjectMapping: 0.411800 ms MarkObjects: 3.848300 ms  DeleteObjects: 11.259700 ms)

AssetImportParameters requested are different than current active one (requested -> active):
  custom:video-decoder-ogg-theora: a1e56fd34408186e4bbccfd4996cb3dc -> 
  custom:container-muxer-webm: aa71ff27fc2769a1b78a27578f13a17b -> 
  custom:container-demuxer-webm: 4f35f7cbe854078d1ac9338744f61a02 -> 
  custom:video-encoder-webm-vp8: eb34c28f22e8b96e1ab97ce403110664 -> 
  custom:audio-encoder-webm-vorbis: bf7c407c2cedff20999df2af8eb42d56 -> 
  custom:framework-win-MediaFoundation: 216162199b28c13a410421893ffa2e32 -> 
  custom:container-demuxer-ogg: 62fdf1f143b41e24485cea50d1cbac27 -> 
  custom:video-decoder-webm-vp8: 9c59270c3fd7afecdb556c50c9e8de78 -> 
  custom:audio-decoder-ogg-vorbis: bf7c407c2cedff20999df2af8eb42d56 -> 
========================================================================
Received Prepare
Registering precompiled user dll's ...
Registered in 0.010071 seconds.
Begin MonoManager ReloadAssembly
Symbol file LoadedFromMemory doesn't match image C:\Users\student\Desktop\asd\MyNewGame\Library\PackageCache\com.unity.visualscripting@1.7.8\Editor\VisualScripting.Core\Dependencies\YamlDotNet\Unity.VisualScripting.YamlDotNet.dll
Symbol file LoadedFromMemory doesn't match image C:\Users\student\Desktop\asd\MyNewGame\Library\PackageCache\com.unity.visualscripting@1.7.8\Editor\VisualScripting.Core\Dependencies\DotNetZip\Unity.VisualScripting.IonicZip.dll
Native extension for WindowsStandalone target not found
Native extension for iOS target not found
Native extension for Android target not found
Native extension for WebGL target not found
Refreshing native plugins compatible for Editor in 1.07 ms, found 5 plugins.
Preloading 0 native plugins for Editor in 0.00 ms.
Mono: successfully reloaded assembly
- Completed reload, in  1.910 seconds
Domain Reload Profiling:
	ReloadAssembly (1911ms)
		BeginReloadAssembly (193ms)
			ExecutionOrderSort (0ms)
			DisableScriptedObjects (13ms)
			BackupInstance (0ms)
			ReleaseScriptingObjects (0ms)
			CreateAndSetChildDomain (47ms)
		EndReloadAssembly (1564ms)
			LoadAssemblies (138ms)
			RebuildTransferFunctionScriptingTraits (0ms)
			SetupTypeCache (524ms)
			ReleaseScriptCaches (2ms)
			RebuildScriptCaches (96ms)
			SetupLoadedEditorAssemblies (697ms)
				LogAssemblyErrors (0ms)
				InitializePlatformSupportModulesInManaged (61ms)
				SetLoadedEditorAssemblies (1ms)
				RefreshPlugins (1ms)
				BeforeProcessingInitializeOnLoad (149ms)
				ProcessInitializeOnLoadAttributes (409ms)
				ProcessInitializeOnLoadMethodAttributes (60ms)
				AfterProcessingInitializeOnLoad (16ms)
				EditorAssembliesLoaded (0ms)
			ExecutionOrderSort2 (0ms)
			AwakeInstancesAfterBackupRestoration (12ms)
Platform modules already initialized, skipping
Refreshing native plugins compatible for Editor in 4.16 ms, found 5 plugins.
Preloading 0 native plugins for Editor in 0.00 ms.
Unloading 3844 Unused Serialized files (Serialized files now loaded: 0)
Unloading 85 unused Assets / (10.3 MB). Loaded Objects now: 4421.
Memory consumption went from 172.5 MB to 162.2 MB.
Total: 16.183200 ms (FindLiveObjects: 0.422900 ms CreateObjectMapping: 0.266400 ms MarkObjects: 4.178200 ms  DeleteObjects: 11.314400 ms)

AssetImportParameters requested are different than current active one (requested -> active):
  custom:video-decoder-ogg-theora: a1e56fd34408186e4bbccfd4996cb3dc -> 
  custom:container-muxer-webm: aa71ff27fc2769a1b78a27578f13a17b -> 
  custom:container-demuxer-webm: 4f35f7cbe854078d1ac9338744f61a02 -> 
  custom:video-encoder-webm-vp8: eb34c28f22e8b96e1ab97ce403110664 -> 
  custom:audio-encoder-webm-vorbis: bf7c407c2cedff20999df2af8eb42d56 -> 
  custom:framework-win-MediaFoundation: 216162199b28c13a410421893ffa2e32 -> 
  custom:container-demuxer-ogg: 62fdf1f143b41e24485cea50d1cbac27 -> 
  custom:video-decoder-webm-vp8: 9c59270c3fd7afecdb556c50c9e8de78 -> 
  custom:audio-decoder-ogg-vorbis: bf7c407c2cedff20999df2af8eb42d56 -> 
========================================================================
Received Import Request.
  Time since last request: 21.654011 seconds.
  path: Assets/SimpleCollectiblesPack/Prefabs/Gun1.prefab
  artifactKey: Guid(59fd4762fc827164bb3eadbefb882946) Importer(815301076,1909f56bfc062723c751e8b465ee728b)
Start importing Assets/SimpleCollectiblesPack/Prefabs/Gun1.prefab using Guid(59fd4762fc827164bb3eadbefb882946) Importer(815301076,1909f56bfc062723c751e8b465ee728b)  -> (artifact id: 'ecb329bbdb62a2c042c66df19721d5f8') in 0.107131 seconds 
========================================================================
Received Import Request.
  Time since last request: 0.000030 seconds.
  path: Assets/SimpleCollectiblesPack/Prefabs/NoteSingleSilver.prefab
  artifactKey: Guid(6a41967153dfaf44ab59d37a1c2440ae) Importer(815301076,1909f56bfc062723c751e8b465ee728b)
Start importing Assets/SimpleCollectiblesPack/Prefabs/NoteSingleSilver.prefab using Guid(6a41967153dfaf44ab59d37a1c2440ae) Importer(815301076,1909f56bfc062723c751e8b465ee728b)  -> (artifact id: 'e7922259318ca3e2c6ae154325f020a6') in 0.016665 seconds 
========================================================================
Received Import Request.
  Time since last request: 0.000030 seconds.
  path: Assets/SimpleCollectiblesPack/Prefabs/HealthPackRed.prefab
  artifactKey: Guid(a5ad3b53c234b9040b754b2c2c9d8fc6) Importer(815301076,1909f56bfc062723c751e8b465ee728b)
Start importing Assets/SimpleCollectiblesPack/Prefabs/HealthPackRed.prefab using Guid(a5ad3b53c234b9040b754b2c2c9d8fc6) Importer(815301076,1909f56bfc062723c751e8b465ee728b)  -> (artifact id: '3fbfcb1c2e688905a78be51bf560f417') in 0.014276 seconds 
========================================================================
Received Import Request.
  Time since last request: 0.000024 seconds.
  path: Assets/SimpleCollectiblesPack/Prefabs/KeySilver.prefab
  artifactKey: Guid(61e7a4d4943a95248a9d88d97d680b61) Importer(815301076,1909f56bfc062723c751e8b465ee728b)
Start importing Assets/SimpleCollectiblesPack/Prefabs/KeySilver.prefab using Guid(61e7a4d4943a95248a9d88d97d680b61) Importer(815301076,1909f56bfc062723c751e8b465ee728b)  -> (artifact id: '50db8f14e378036eea17a09c6ff32604') in 0.014238 seconds 
========================================================================
Received Import Request.
  Time since last request: 0.000024 seconds.
  path: Assets/SimpleCollectiblesPack/Prefabs/NoteDoubleGold.prefab
  artifactKey: Guid(64aab82ac059b3b4e8c99af9d3bf4a26) Importer(815301076,1909f56bfc062723c751e8b465ee728b)
Start importing Assets/SimpleCollectiblesPack/Prefabs/NoteDoubleGold.prefab using Guid(64aab82ac059b3b4e8c99af9d3bf4a26) Importer(815301076,1909f56bfc062723c751e8b465ee728b)  -> (artifact id: '32e54f8ec6b1d5ba456ac1fff61e2465') in 0.014373 seconds 
========================================================================
Received Import Request.
  Time since last request: 0.000031 seconds.
  path: Assets/SimpleCollectiblesPack/Prefabs/Star.prefab
  artifactKey: Guid(409010852d1134147862865a8889b834) Importer(815301076,1909f56bfc062723c751e8b465ee728b)
Start importing Assets/SimpleCollectiblesPack/Prefabs/Star.prefab using Guid(409010852d1134147862865a8889b834) Importer(815301076,1909f56bfc062723c751e8b465ee728b)  -> (artifact id: '45fc2ebbde4feab20245e014cc792822') in 0.015156 seconds 
========================================================================
Received Import Request.
  Time since last request: 0.000035 seconds.
  path: Assets/SimpleCollectiblesPack/Prefabs/NoteSingleSilver 1.prefab
  artifactKey: Guid(bb5b02b10704e8e4786233513a233a0a) Importer(815301076,1909f56bfc062723c751e8b465ee728b)
Start importing Assets/SimpleCollectiblesPack/Prefabs/NoteSingleSilver 1.prefab using Guid(bb5b02b10704e8e4786233513a233a0a) Importer(815301076,1909f56bfc062723c751e8b465ee728b)  -> (artifact id: '4c94d2b60713e96be0e2a2af992ece09') in 0.017487 seconds 
========================================================================
Received Import Request.
  Time since last request: 0.000041 seconds.
  path: Assets/SimpleCollectiblesPack/Prefabs/Sword.prefab
  artifactKey: Guid(eb20313e46ca14d4ab638ede406702d4) Importer(815301076,1909f56bfc062723c751e8b465ee728b)
Start importing Assets/SimpleCollectiblesPack/Prefabs/Sword.prefab using Guid(eb20313e46ca14d4ab638ede406702d4) Importer(815301076,1909f56bfc062723c751e8b465ee728b)  -> (artifact id: '202c1382a9eda3a6fe2e0e2ab277d09e') in 0.017284 seconds 
========================================================================
Received Import Request.
  Time since last request: 0.000051 seconds.
  path: Assets/SimpleCollectiblesPack/Prefabs/Gun2.prefab
  artifactKey: Guid(6acc3db960c36484f8e89c31d7a691d8) Importer(815301076,1909f56bfc062723c751e8b465ee728b)
Start importing Assets/SimpleCollectiblesPack/Prefabs/Gun2.prefab using Guid(6acc3db960c36484f8e89c31d7a691d8) Importer(815301076,1909f56bfc062723c751e8b465ee728b)  -> (artifact id: '0637a0b713ceafecb6cc2031b0261d6b') in 0.018163 seconds 
========================================================================
Received Import Request.
  Time since last request: 0.000025 seconds.
  path: Assets/SimpleCollectiblesPack/Prefabs/CoinSilver.prefab
  artifactKey: Guid(4565e6ec6e5edae4b9181a1591dd7ccf) Importer(815301076,1909f56bfc062723c751e8b465ee728b)
Start importing Assets/SimpleCollectiblesPack/Prefabs/CoinSilver.prefab using Guid(4565e6ec6e5edae4b9181a1591dd7ccf) Importer(815301076,1909f56bfc062723c751e8b465ee728b)  -> (artifact id: '8c877458758919d2ebabf57eda32f222') in 0.017793 seconds 
========================================================================
Received Import Request.
  Time since last request: 0.000031 seconds.
  path: Assets/SimpleCollectiblesPack/Prefabs/HealthPackGreen.prefab
  artifactKey: Guid(4c156eaa475a7c44aa3c826450245d6a) Importer(815301076,1909f56bfc062723c751e8b465ee728b)
Start importing Assets/SimpleCollectiblesPack/Prefabs/HealthPackGreen.prefab using Guid(4c156eaa475a7c44aa3c826450245d6a) Importer(815301076,1909f56bfc062723c751e8b465ee728b)  -> (artifact id: '552e0690e598ce30f1fe1afb29d0bf34') in 0.015303 seconds 
========================================================================
Received Import Request.
  Time since last request: 40.620270 seconds.
  path: Assets/SimpleCollectiblesPack/Prefabs/BarsOfSilver.prefab
  artifactKey: Guid(5199d6ab356967f41bd64316c9e60daf) Importer(815301076,1909f56bfc062723c751e8b465ee728b)
Start importing Assets/SimpleCollectiblesPack/Prefabs/BarsOfSilver.prefab using Guid(5199d6ab356967f41bd64316c9e60daf) Importer(815301076,1909f56bfc062723c751e8b465ee728b)  -> (artifact id: 'be5f99d1ea3b0fd89d0385c59e255dcb') in 0.028058 seconds 
========================================================================
Received Import Request.
  Time since last request: 0.000022 seconds.
  path: Assets/SimpleCollectiblesPack/Prefabs/KeyGold.prefab
  artifactKey: Guid(cdc64358fb600b94c83082531a9b43af) Importer(815301076,1909f56bfc062723c751e8b465ee728b)
Start importing Assets/SimpleCollectiblesPack/Prefabs/KeyGold.prefab using Guid(cdc64358fb600b94c83082531a9b43af) Importer(815301076,1909f56bfc062723c751e8b465ee728b)  -> (artifact id: '5e526cbd6cc600a2643df60e55d8a57d') in 0.017871 seconds 
========================================================================
Received Import Request.
  Time since last request: 0.000064 seconds.
  path: Assets/SimpleCollectiblesPack/Prefabs/NoteSingleSilver.prefab
  artifactKey: Guid(6a41967153dfaf44ab59d37a1c2440ae) Importer(815301076,1909f56bfc062723c751e8b465ee728b)
Start importing Assets/SimpleCollectiblesPack/Prefabs/NoteSingleSilver.prefab using Guid(6a41967153dfaf44ab59d37a1c2440ae) Importer(815301076,1909f56bfc062723c751e8b465ee728b)  -> (artifact id: '7472153a76f62c6869926b43415f1340') in 0.035396 seconds 
========================================================================
Received Import Request.
  Time since last request: 0.000034 seconds.
  path: Assets/SimpleCollectiblesPack/Prefabs/HealthPlusRed.prefab
  artifactKey: Guid(59c7078d344dfe94f97e849fe4f0dce0) Importer(815301076,1909f56bfc062723c751e8b465ee728b)
Start importing Assets/SimpleCollectiblesPack/Prefabs/HealthPlusRed.prefab using Guid(59c7078d344dfe94f97e849fe4f0dce0) Importer(815301076,1909f56bfc062723c751e8b465ee728b)  -> (artifact id: '55d40c179ccbf312cf353254ed414f1b') in 0.020222 seconds 
========================================================================
Received Import Request.
  Time since last request: 0.000039 seconds.
  path: Assets/SimpleCollectiblesPack/Prefabs/NoteSingleGold.prefab
  artifactKey: Guid(2b909adf468138b44b82e38d400e126b) Importer(815301076,1909f56bfc062723c751e8b465ee728b)
Start importing Assets/SimpleCollectiblesPack/Prefabs/NoteSingleGold.prefab using Guid(2b909adf468138b44b82e38d400e126b) Importer(815301076,1909f56bfc062723c751e8b465ee728b)  -> (artifact id: '17686f43588ee0330a9e8bdfce248712') in 0.046025 seconds 
========================================================================
Received Import Request.
  Time since last request: 0.000032 seconds.
  path: Assets/SimpleCollectiblesPack/Prefabs/Gun2.prefab
  artifactKey: Guid(6acc3db960c36484f8e89c31d7a691d8) Importer(815301076,1909f56bfc062723c751e8b465ee728b)
Start importing Assets/SimpleCollectiblesPack/Prefabs/Gun2.prefab using Guid(6acc3db960c36484f8e89c31d7a691d8) Importer(815301076,1909f56bfc062723c751e8b465ee728b)  -> (artifact id: '2ca720b84b7a9b4d1019821e9441227c') in 0.017559 seconds 
========================================================================
Received Import Request.
  Time since last request: 0.000043 seconds.
  path: Assets/SimpleCollectiblesPack/Prefabs/Shield.prefab
  artifactKey: Guid(9867510fa3e6d11479b56ff45cf8b2ca) Importer(815301076,1909f56bfc062723c751e8b465ee728b)
Start importing Assets/SimpleCollectiblesPack/Prefabs/Shield.prefab using Guid(9867510fa3e6d11479b56ff45cf8b2ca) Importer(815301076,1909f56bfc062723c751e8b465ee728b)  -> (artifact id: 'f1d61f58b28280670a5b894a47b22bf0') in 0.015002 seconds 
========================================================================
Received Import Request.
  Time since last request: 0.000039 seconds.
  path: Assets/SimpleCollectiblesPack/Prefabs/HourGlass.prefab
  artifactKey: Guid(8e96a5cadf0c8f948b8c09bc6772e39e) Importer(815301076,1909f56bfc062723c751e8b465ee728b)
Start importing Assets/SimpleCollectiblesPack/Prefabs/HourGlass.prefab using Guid(8e96a5cadf0c8f948b8c09bc6772e39e) Importer(815301076,1909f56bfc062723c751e8b465ee728b)  -> (artifact id: 'bc2f9d79d5737229c2ff7cd64c1ee684') in 0.015488 seconds 
========================================================================
Received Import Request.
  Time since last request: 1.002819 seconds.
  path: Assets/SimpleCollectiblesPack/Prefabs/BarsOfSilver.prefab
  artifactKey: Guid(5199d6ab356967f41bd64316c9e60daf) Importer(815301076,1909f56bfc062723c751e8b465ee728b)
Start importing Assets/SimpleCollectiblesPack/Prefabs/BarsOfSilver.prefab using Guid(5199d6ab356967f41bd64316c9e60daf) Importer(815301076,1909f56bfc062723c751e8b465ee728b)  -> (artifact id: '49eb483cb0b914cabe5c7131afdbe009') in 0.017061 seconds 
========================================================================
Received Import Request.
  Time since last request: 0.000036 seconds.
  path: Assets/SimpleCollectiblesPack/Prefabs/Gun1.prefab
  artifactKey: Guid(59fd4762fc827164bb3eadbefb882946) Importer(815301076,1909f56bfc062723c751e8b465ee728b)
Start importing Assets/SimpleCollectiblesPack/Prefabs/Gun1.prefab using Guid(59fd4762fc827164bb3eadbefb882946) Importer(815301076,1909f56bfc062723c751e8b465ee728b)  -> (artifact id: '29f6aea93f1b1fc331a3c45372051bcf') in 0.015389 seconds 
========================================================================
Received Import Request.
  Time since last request: 0.000032 seconds.
  path: Assets/SimpleCollectiblesPack/Prefabs/HealthPackRed.prefab
  artifactKey: Guid(a5ad3b53c234b9040b754b2c2c9d8fc6) Importer(815301076,1909f56bfc062723c751e8b465ee728b)
Start importing Assets/SimpleCollectiblesPack/Prefabs/HealthPackRed.prefab using Guid(a5ad3b53c234b9040b754b2c2c9d8fc6) Importer(815301076,1909f56bfc062723c751e8b465ee728b)  -> (artifact id: 'e68e019788db36c10b855a3a1c273c0b') in 0.016999 seconds 
========================================================================
Received Import Request.
  Time since last request: 0.000028 seconds.
  path: Assets/SimpleCollectiblesPack/Prefabs/Star.prefab
  artifactKey: Guid(409010852d1134147862865a8889b834) Importer(815301076,1909f56bfc062723c751e8b465ee728b)
Start importing Assets/SimpleCollectiblesPack/Prefabs/Star.prefab using Guid(409010852d1134147862865a8889b834) Importer(815301076,1909f56bfc062723c751e8b465ee728b)  -> (artifact id: '886ad5830eb683c0e3da763c0bfb4382') in 0.020278 seconds 
========================================================================
Received Import Request.
  Time since last request: 0.000052 seconds.
  path: Assets/SimpleCollectiblesPack/Prefabs/NoteDoubleSilver.prefab
  artifactKey: Guid(20bf4e5832bca134cb9c385228c3fab4) Importer(815301076,1909f56bfc062723c751e8b465ee728b)
Start importing Assets/SimpleCollectiblesPack/Prefabs/NoteDoubleSilver.prefab using Guid(20bf4e5832bca134cb9c385228c3fab4) Importer(815301076,1909f56bfc062723c751e8b465ee728b)  -> (artifact id: 'a587dd50643fadba1781619ba594974f') in 0.017611 seconds 
========================================================================
Received Import Request.
  Time since last request: 0.000045 seconds.
  path: Assets/SimpleCollectiblesPack/Prefabs/Heart.prefab
  artifactKey: Guid(0f6fbf6ba5b56aa4ba01adc51ab77ce6) Importer(815301076,1909f56bfc062723c751e8b465ee728b)
Start importing Assets/SimpleCollectiblesPack/Prefabs/Heart.prefab using Guid(0f6fbf6ba5b56aa4ba01adc51ab77ce6) Importer(815301076,1909f56bfc062723c751e8b465ee728b)  -> (artifact id: 'a8b0023e59e190c8d8ddb6ffaf6f4474') in 0.021992 seconds 
========================================================================
Received Import Request.
  Time since last request: 0.000048 seconds.
  path: Assets/SimpleCollectiblesPack/Prefabs/CoinSilver.prefab
  artifactKey: Guid(4565e6ec6e5edae4b9181a1591dd7ccf) Importer(815301076,1909f56bfc062723c751e8b465ee728b)
Start importing Assets/SimpleCollectiblesPack/Prefabs/CoinSilver.prefab using Guid(4565e6ec6e5edae4b9181a1591dd7ccf) Importer(815301076,1909f56bfc062723c751e8b465ee728b)  -> (artifact id: 'a000c6d53eb65408cc34f34f7f2b6774') in 0.022623 seconds 
========================================================================
Received Import Request.
  Time since last request: 0.000076 seconds.
  path: Assets/SimpleCollectiblesPack/Prefabs/HealthPackGreen.prefab
  artifactKey: Guid(4c156eaa475a7c44aa3c826450245d6a) Importer(815301076,1909f56bfc062723c751e8b465ee728b)
Start importing Assets/SimpleCollectiblesPack/Prefabs/HealthPackGreen.prefab using Guid(4c156eaa475a7c44aa3c826450245d6a) Importer(815301076,1909f56bfc062723c751e8b465ee728b)  -> (artifact id: 'efcdb501ecd20fcc514ebf01a11b589b') in 0.026469 seconds 
========================================================================
Received Import Request.
  Time since last request: 0.238353 seconds.
  path: Assets/SimpleCollectiblesPack/Prefabs/BarsOfSilver.prefab
  artifactKey: Guid(5199d6ab356967f41bd64316c9e60daf) Importer(815301076,1909f56bfc062723c751e8b465ee728b)
Start importing Assets/SimpleCollectiblesPack/Prefabs/BarsOfSilver.prefab using Guid(5199d6ab356967f41bd64316c9e60daf) Importer(815301076,1909f56bfc062723c751e8b465ee728b)  -> (artifact id: '6369434b33678dda723e3eb743391888') in 0.023907 seconds 
========================================================================
Received Import Request.
  Time since last request: 0.000023 seconds.
  path: Assets/SimpleCollectiblesPack/Prefabs/KeyGold.prefab
  artifactKey: Guid(cdc64358fb600b94c83082531a9b43af) Importer(815301076,1909f56bfc062723c751e8b465ee728b)
Start importing Assets/SimpleCollectiblesPack/Prefabs/KeyGold.prefab using Guid(cdc64358fb600b94c83082531a9b43af) Importer(815301076,1909f56bfc062723c751e8b465ee728b)  -> (artifact id: '4dd2348d25d58d5317de49d33a660e66') in 0.018094 seconds 
========================================================================
Received Import Request.
  Time since last request: 0.000120 seconds.
  path: Assets/SimpleCollectiblesPack/Prefabs/HealthPackRed.prefab
  artifactKey: Guid(a5ad3b53c234b9040b754b2c2c9d8fc6) Importer(815301076,1909f56bfc062723c751e8b465ee728b)
Start importing Assets/SimpleCollectiblesPack/Prefabs/HealthPackRed.prefab using Guid(a5ad3b53c234b9040b754b2c2c9d8fc6) Importer(815301076,1909f56bfc062723c751e8b465ee728b)  -> (artifact id: '80b67e509309ee229ed5be4cd8b3f65e') in 0.016600 seconds 
========================================================================
Received Import Request.
  Time since last request: 0.000034 seconds.
  path: Assets/SimpleCollectiblesPack/Prefabs/Star.prefab
  artifactKey: Guid(409010852d1134147862865a8889b834) Importer(815301076,1909f56bfc062723c751e8b465ee728b)
Start importing Assets/SimpleCollectiblesPack/Prefabs/Star.prefab using Guid(409010852d1134147862865a8889b834) Importer(815301076,1909f56bfc062723c751e8b465ee728b)  -> (artifact id: 'b479e9169899415fd0384b61e064e7f2') in 0.017041 seconds 
========================================================================
Received Import Request.
  Time since last request: 0.000028 seconds.
  path: Assets/SimpleCollectiblesPack/Prefabs/NoteDoubleSilver.prefab
  artifactKey: Guid(20bf4e5832bca134cb9c385228c3fab4) Importer(815301076,1909f56bfc062723c751e8b465ee728b)
Start importing Assets/SimpleCollectiblesPack/Prefabs/NoteDoubleSilver.prefab using Guid(20bf4e5832bca134cb9c385228c3fab4) Importer(815301076,1909f56bfc062723c751e8b465ee728b)  -> (artifact id: 'cd0389b41cce81f9d57ad11a4a005cd4') in 0.016050 seconds 
========================================================================
Received Import Request.
  Time since last request: 0.000046 seconds.
  path: Assets/SimpleCollectiblesPack/Prefabs/Heart.prefab
  artifactKey: Guid(0f6fbf6ba5b56aa4ba01adc51ab77ce6) Importer(815301076,1909f56bfc062723c751e8b465ee728b)
Start importing Assets/SimpleCollectiblesPack/Prefabs/Heart.prefab using Guid(0f6fbf6ba5b56aa4ba01adc51ab77ce6) Importer(815301076,1909f56bfc062723c751e8b465ee728b)  -> (artifact id: '4499ce6a9011622b4ffbd63382d621e7') in 0.018716 seconds 
========================================================================
Received Import Request.
  Time since last request: 0.000033 seconds.
  path: Assets/SimpleCollectiblesPack/Prefabs/Shield.prefab
  artifactKey: Guid(9867510fa3e6d11479b56ff45cf8b2ca) Importer(815301076,1909f56bfc062723c751e8b465ee728b)
Start importing Assets/SimpleCollectiblesPack/Prefabs/Shield.prefab using Guid(9867510fa3e6d11479b56ff45cf8b2ca) Importer(815301076,1909f56bfc062723c751e8b465ee728b)  -> (artifact id: '6626c8c1ba3e044c1164b45c8ad9ef01') in 0.018518 seconds 
========================================================================
Received Import Request.
  Time since last request: 0.000054 seconds.
  path: Assets/SimpleCollectiblesPack/Prefabs/HourGlass.prefab
  artifactKey: Guid(8e96a5cadf0c8f948b8c09bc6772e39e) Importer(815301076,1909f56bfc062723c751e8b465ee728b)
Start importing Assets/SimpleCollectiblesPack/Prefabs/HourGlass.prefab using Guid(8e96a5cadf0c8f948b8c09bc6772e39e) Importer(815301076,1909f56bfc062723c751e8b465ee728b)  -> (artifact id: 'f52b240c4dfab9eda67ae6261b7a7492') in 0.026192 seconds 
========================================================================
Received Prepare
Registering precompiled user dll's ...
Registered in 0.019379 seconds.
Begin MonoManager ReloadAssembly
Symbol file LoadedFromMemory doesn't match image C:\Users\student\Desktop\asd\MyNewGame\Library\PackageCache\com.unity.visualscripting@1.7.8\Editor\VisualScripting.Core\Dependencies\YamlDotNet\Unity.VisualScripting.YamlDotNet.dll
Symbol file LoadedFromMemory doesn't match image C:\Users\student\Desktop\asd\MyNewGame\Library\PackageCache\com.unity.visualscripting@1.7.8\Editor\VisualScripting.Core\Dependencies\DotNetZip\Unity.VisualScripting.IonicZip.dll
Native extension for WindowsStandalone target not found
Native extension for iOS target not found
Native extension for Android target not found
Native extension for WebGL target not found
Refreshing native plugins compatible for Editor in 1.39 ms, found 5 plugins.
Preloading 0 native plugins for Editor in 0.00 ms.
Mono: successfully reloaded assembly
- Completed reload, in  1.918 seconds
Domain Reload Profiling:
	ReloadAssembly (1919ms)
		BeginReloadAssembly (263ms)
			ExecutionOrderSort (0ms)
			DisableScriptedObjects (21ms)
			BackupInstance (0ms)
			ReleaseScriptingObjects (0ms)
			CreateAndSetChildDomain (73ms)
		EndReloadAssembly (1439ms)
			LoadAssemblies (172ms)
			RebuildTransferFunctionScriptingTraits (0ms)
			SetupTypeCache (478ms)
			ReleaseScriptCaches (2ms)
			RebuildScriptCaches (79ms)
			SetupLoadedEditorAssemblies (632ms)
				LogAssemblyErrors (0ms)
				InitializePlatformSupportModulesInManaged (58ms)
				SetLoadedEditorAssemblies (1ms)
				RefreshPlugins (1ms)
				BeforeProcessingInitializeOnLoad (128ms)
				ProcessInitializeOnLoadAttributes (371ms)
				ProcessInitializeOnLoadMethodAttributes (56ms)
				AfterProcessingInitializeOnLoad (17ms)
				EditorAssembliesLoaded (0ms)
			ExecutionOrderSort2 (0ms)
			AwakeInstancesAfterBackupRestoration (11ms)
Platform modules already initialized, skipping
Refreshing native plugins compatible for Editor in 4.71 ms, found 5 plugins.
Preloading 0 native plugins for Editor in 0.00 ms.
Unloading 3844 Unused Serialized files (Serialized files now loaded: 0)
Unloading 85 unused Assets / (10.4 MB). Loaded Objects now: 4436.
Memory consumption went from 172.6 MB to 162.2 MB.
Total: 15.146200 ms (FindLiveObjects: 0.411500 ms CreateObjectMapping: 0.299000 ms MarkObjects: 4.245200 ms  DeleteObjects: 10.189200 ms)

AssetImportParameters requested are different than current active one (requested -> active):
  custom:video-decoder-ogg-theora: a1e56fd34408186e4bbccfd4996cb3dc -> 
  custom:container-muxer-webm: aa71ff27fc2769a1b78a27578f13a17b -> 
  custom:container-demuxer-webm: 4f35f7cbe854078d1ac9338744f61a02 -> 
  custom:video-encoder-webm-vp8: eb34c28f22e8b96e1ab97ce403110664 -> 
  custom:audio-encoder-webm-vorbis: bf7c407c2cedff20999df2af8eb42d56 -> 
  custom:framework-win-MediaFoundation: 216162199b28c13a410421893ffa2e32 -> 
  custom:container-demuxer-ogg: 62fdf1f143b41e24485cea50d1cbac27 -> 
  custom:video-decoder-webm-vp8: 9c59270c3fd7afecdb556c50c9e8de78 -> 
  custom:audio-decoder-ogg-vorbis: bf7c407c2cedff20999df2af8eb42d56 -> 
========================================================================
Received Import Request.
  Time since last request: 10.002526 seconds.
  path: Assets/SimpleCollectiblesPack/Prefabs/Gun1.prefab
  artifactKey: Guid(59fd4762fc827164bb3eadbefb882946) Importer(815301076,1909f56bfc062723c751e8b465ee728b)
Start importing Assets/SimpleCollectiblesPack/Prefabs/Gun1.prefab using Guid(59fd4762fc827164bb3eadbefb882946) Importer(815301076,1909f56bfc062723c751e8b465ee728b)  -> (artifact id: '8f20d0d6741c918698ea58c9c35a3ab7') in 0.117623 seconds 
========================================================================
Received Import Request.
  Time since last request: 0.000023 seconds.
  path: Assets/SimpleCollectiblesPack/Prefabs/NoteSingleSilver.prefab
  artifactKey: Guid(6a41967153dfaf44ab59d37a1c2440ae) Importer(815301076,1909f56bfc062723c751e8b465ee728b)
Start importing Assets/SimpleCollectiblesPack/Prefabs/NoteSingleSilver.prefab using Guid(6a41967153dfaf44ab59d37a1c2440ae) Importer(815301076,1909f56bfc062723c751e8b465ee728b)  -> (artifact id: 'd06124424fe6608c28552f61fe62b420') in 0.013388 seconds 
========================================================================
Received Import Request.
  Time since last request: 0.000028 seconds.
  path: Assets/SimpleCollectiblesPack/Prefabs/HealthPackRed.prefab
  artifactKey: Guid(a5ad3b53c234b9040b754b2c2c9d8fc6) Importer(815301076,1909f56bfc062723c751e8b465ee728b)
Start importing Assets/SimpleCollectiblesPack/Prefabs/HealthPackRed.prefab using Guid(a5ad3b53c234b9040b754b2c2c9d8fc6) Importer(815301076,1909f56bfc062723c751e8b465ee728b)  -> (artifact id: 'dc4c1aef7140eba2b0956de8b08eba34') in 0.013964 seconds 
========================================================================
Received Import Request.
  Time since last request: 0.000024 seconds.
  path: Assets/SimpleCollectiblesPack/Prefabs/KeySilver.prefab
  artifactKey: Guid(61e7a4d4943a95248a9d88d97d680b61) Importer(815301076,1909f56bfc062723c751e8b465ee728b)
Start importing Assets/SimpleCollectiblesPack/Prefabs/KeySilver.prefab using Guid(61e7a4d4943a95248a9d88d97d680b61) Importer(815301076,1909f56bfc062723c751e8b465ee728b)  -> (artifact id: '6efa9e99da7c9a2457a28fe8ec9187d3') in 0.013758 seconds 
========================================================================
Received Import Request.
  Time since last request: 0.000025 seconds.
  path: Assets/SimpleCollectiblesPack/Prefabs/Star.prefab
  artifactKey: Guid(409010852d1134147862865a8889b834) Importer(815301076,1909f56bfc062723c751e8b465ee728b)
Start importing Assets/SimpleCollectiblesPack/Prefabs/Star.prefab using Guid(409010852d1134147862865a8889b834) Importer(815301076,1909f56bfc062723c751e8b465ee728b)  -> (artifact id: '75a3ae649ed143e219a53859ba31fbe5') in 0.016251 seconds 
========================================================================
Received Import Request.
  Time since last request: 0.000073 seconds.
  path: Assets/SimpleCollectiblesPack/Prefabs/NoteDoubleSilver.prefab
  artifactKey: Guid(20bf4e5832bca134cb9c385228c3fab4) Importer(815301076,1909f56bfc062723c751e8b465ee728b)
Start importing Assets/SimpleCollectiblesPack/Prefabs/NoteDoubleSilver.prefab using Guid(20bf4e5832bca134cb9c385228c3fab4) Importer(815301076,1909f56bfc062723c751e8b465ee728b)  -> (artifact id: 'aec54145fdff63050d8763da71ba5c09') in 0.023513 seconds 
========================================================================
Received Import Request.
  Time since last request: 0.000040 seconds.
  path: Assets/SimpleCollectiblesPack/Prefabs/BarsOfGold.prefab
  artifactKey: Guid(aa0b611ccd277dd4f9e8ea7b8240c179) Importer(815301076,1909f56bfc062723c751e8b465ee728b)
Start importing Assets/SimpleCollectiblesPack/Prefabs/BarsOfGold.prefab using Guid(aa0b611ccd277dd4f9e8ea7b8240c179) Importer(815301076,1909f56bfc062723c751e8b465ee728b)  -> (artifact id: '572ea9ae25034ad912f96ddc810b9851') in 0.019623 seconds 
========================================================================
Received Import Request.
  Time since last request: 0.000027 seconds.
  path: Assets/SimpleCollectiblesPack/Prefabs/BarsOfSilver.prefab
  artifactKey: Guid(5199d6ab356967f41bd64316c9e60daf) Importer(815301076,1909f56bfc062723c751e8b465ee728b)
Start importing Assets/SimpleCollectiblesPack/Prefabs/BarsOfSilver.prefab using Guid(5199d6ab356967f41bd64316c9e60daf) Importer(815301076,1909f56bfc062723c751e8b465ee728b)  -> (artifact id: '19917d4b71df9a05229ee062b7ce348e') in 0.018179 seconds 
========================================================================
Received Import Request.
  Time since last request: 0.000023 seconds.
  path: Assets/SimpleCollectiblesPack/Prefabs/HealthPackGreen.prefab
  artifactKey: Guid(4c156eaa475a7c44aa3c826450245d6a) Importer(815301076,1909f56bfc062723c751e8b465ee728b)
Start importing Assets/SimpleCollectiblesPack/Prefabs/HealthPackGreen.prefab using Guid(4c156eaa475a7c44aa3c826450245d6a) Importer(815301076,1909f56bfc062723c751e8b465ee728b)  -> (artifact id: 'a80a668ff92bebbaa4183818bb8ebaba') in 0.018451 seconds 
========================================================================
Received Import Request.
  Time since last request: 1.472590 seconds.
  path: Assets/SimpleCollectiblesPack/Prefabs/BarsOfSilver.prefab
  artifactKey: Guid(5199d6ab356967f41bd64316c9e60daf) Importer(815301076,1909f56bfc062723c751e8b465ee728b)
Start importing Assets/SimpleCollectiblesPack/Prefabs/BarsOfSilver.prefab using Guid(5199d6ab356967f41bd64316c9e60daf) Importer(815301076,1909f56bfc062723c751e8b465ee728b)  -> (artifact id: 'cc610a345eb2f28fe8402b9fdb9db3e0') in 0.016076 seconds 
========================================================================
Received Import Request.
  Time since last request: 0.000028 seconds.
  path: Assets/SimpleCollectiblesPack/Prefabs/HealthPlusGreen.prefab
  artifactKey: Guid(dda9a30259f7907418f21d3f5cf7bf15) Importer(815301076,1909f56bfc062723c751e8b465ee728b)
Start importing Assets/SimpleCollectiblesPack/Prefabs/HealthPlusGreen.prefab using Guid(dda9a30259f7907418f21d3f5cf7bf15) Importer(815301076,1909f56bfc062723c751e8b465ee728b)  -> (artifact id: '7d8a8717a5a8c81a8ee5ba01832baeb3') in 0.016740 seconds 
========================================================================
Received Import Request.
  Time since last request: 0.000038 seconds.
  path: Assets/SimpleCollectiblesPack/Prefabs/NoteSingleSilver.prefab
  artifactKey: Guid(6a41967153dfaf44ab59d37a1c2440ae) Importer(815301076,1909f56bfc062723c751e8b465ee728b)
Start importing Assets/SimpleCollectiblesPack/Prefabs/NoteSingleSilver.prefab using Guid(6a41967153dfaf44ab59d37a1c2440ae) Importer(815301076,1909f56bfc062723c751e8b465ee728b)  -> (artifact id: '40018fa4eea9c3f288e35344d0222f09') in 0.016484 seconds 
========================================================================
Received Import Request.
  Time since last request: 0.000026 seconds.
  path: Assets/SimpleCollectiblesPack/Prefabs/HealthPlusRed.prefab
  artifactKey: Guid(59c7078d344dfe94f97e849fe4f0dce0) Importer(815301076,1909f56bfc062723c751e8b465ee728b)
Start importing Assets/SimpleCollectiblesPack/Prefabs/HealthPlusRed.prefab using Guid(59c7078d344dfe94f97e849fe4f0dce0) Importer(815301076,1909f56bfc062723c751e8b465ee728b)  -> (artifact id: 'c623f7eb6554ea0fff6f79b701daf6dd') in 0.017584 seconds 
========================================================================
Received Import Request.
  Time since last request: 0.000036 seconds.
  path: Assets/SimpleCollectiblesPack/Prefabs/NoteSingleGold.prefab
  artifactKey: Guid(2b909adf468138b44b82e38d400e126b) Importer(815301076,1909f56bfc062723c751e8b465ee728b)
Start importing Assets/SimpleCollectiblesPack/Prefabs/NoteSingleGold.prefab using Guid(2b909adf468138b44b82e38d400e126b) Importer(815301076,1909f56bfc062723c751e8b465ee728b)  -> (artifact id: 'cdb0bd74c2af8b9d3874aaf94356eaea') in 0.015769 seconds 
========================================================================
Received Import Request.
  Time since last request: 0.000022 seconds.
  path: Assets/SimpleCollectiblesPack/Prefabs/Heart.prefab
  artifactKey: Guid(0f6fbf6ba5b56aa4ba01adc51ab77ce6) Importer(815301076,1909f56bfc062723c751e8b465ee728b)
Start importing Assets/SimpleCollectiblesPack/Prefabs/Heart.prefab using Guid(0f6fbf6ba5b56aa4ba01adc51ab77ce6) Importer(815301076,1909f56bfc062723c751e8b465ee728b)  -> (artifact id: 'b53e247d59e0615016e5c4b159029112') in 0.015378 seconds 
========================================================================
Received Import Request.
  Time since last request: 0.000020 seconds.
  path: Assets/SimpleCollectiblesPack/Prefabs/CoinSilver.prefab
  artifactKey: Guid(4565e6ec6e5edae4b9181a1591dd7ccf) Importer(815301076,1909f56bfc062723c751e8b465ee728b)
Start importing Assets/SimpleCollectiblesPack/Prefabs/CoinSilver.prefab using Guid(4565e6ec6e5edae4b9181a1591dd7ccf) Importer(815301076,1909f56bfc062723c751e8b465ee728b)  -> (artifact id: '1f56e9116e4e98fd7a963cfd25ab9f3a') in 0.013017 seconds 
========================================================================
Received Import Request.
  Time since last request: 0.000034 seconds.
  path: Assets/SimpleCollectiblesPack/Prefabs/HealthPackGreen.prefab
  artifactKey: Guid(4c156eaa475a7c44aa3c826450245d6a) Importer(815301076,1909f56bfc062723c751e8b465ee728b)
Start importing Assets/SimpleCollectiblesPack/Prefabs/HealthPackGreen.prefab using Guid(4c156eaa475a7c44aa3c826450245d6a) Importer(815301076,1909f56bfc062723c751e8b465ee728b)  -> (artifact id: 'cd7f0d4c23ed640da6b03ffadfe64ee3') in 0.013827 seconds 
========================================================================
Received Prepare
Registering precompiled user dll's ...
Registered in 0.014643 seconds.
Begin MonoManager ReloadAssembly
Symbol file LoadedFromMemory doesn't match image C:\Users\student\Desktop\asd\MyNewGame\Library\PackageCache\com.unity.visualscripting@1.7.8\Editor\VisualScripting.Core\Dependencies\YamlDotNet\Unity.VisualScripting.YamlDotNet.dll
Symbol file LoadedFromMemory doesn't match image C:\Users\student\Desktop\asd\MyNewGame\Library\PackageCache\com.unity.visualscripting@1.7.8\Editor\VisualScripting.Core\Dependencies\DotNetZip\Unity.VisualScripting.IonicZip.dll
Native extension for WindowsStandalone target not found
Native extension for iOS target not found
Native extension for Android target not found
Native extension for WebGL target not found
Refreshing native plugins compatible for Editor in 0.87 ms, found 5 plugins.
Preloading 0 native plugins for Editor in 0.00 ms.
Mono: successfully reloaded assembly
- Completed reload, in  1.802 seconds
Domain Reload Profiling:
	ReloadAssembly (1803ms)
		BeginReloadAssembly (198ms)
			ExecutionOrderSort (0ms)
			DisableScriptedObjects (9ms)
			BackupInstance (0ms)
			ReleaseScriptingObjects (0ms)
			CreateAndSetChildDomain (53ms)
		EndReloadAssembly (1422ms)
			LoadAssemblies (138ms)
			RebuildTransferFunctionScriptingTraits (0ms)
			SetupTypeCache (484ms)
			ReleaseScriptCaches (2ms)
			RebuildScriptCaches (75ms)
			SetupLoadedEditorAssemblies (637ms)
				LogAssemblyErrors (0ms)
				InitializePlatformSupportModulesInManaged (54ms)
				SetLoadedEditorAssemblies (1ms)
				RefreshPlugins (1ms)
				BeforeProcessingInitializeOnLoad (126ms)
				ProcessInitializeOnLoadAttributes (387ms)
				ProcessInitializeOnLoadMethodAttributes (54ms)
				AfterProcessingInitializeOnLoad (15ms)
				EditorAssembliesLoaded (0ms)
			ExecutionOrderSort2 (0ms)
			AwakeInstancesAfterBackupRestoration (9ms)
Platform modules already initialized, skipping
Refreshing native plugins compatible for Editor in 5.33 ms, found 5 plugins.
Preloading 0 native plugins for Editor in 0.00 ms.
Unloading 3844 Unused Serialized files (Serialized files now loaded: 0)
Unloading 85 unused Assets / (10.2 MB). Loaded Objects now: 4451.
Memory consumption went from 172.5 MB to 162.3 MB.
Total: 11.881800 ms (FindLiveObjects: 0.375400 ms CreateObjectMapping: 0.256000 ms MarkObjects: 3.408100 ms  DeleteObjects: 7.841100 ms)

AssetImportParameters requested are different than current active one (requested -> active):
  custom:video-decoder-ogg-theora: a1e56fd34408186e4bbccfd4996cb3dc -> 
  custom:container-muxer-webm: aa71ff27fc2769a1b78a27578f13a17b -> 
  custom:container-demuxer-webm: 4f35f7cbe854078d1ac9338744f61a02 -> 
  custom:video-encoder-webm-vp8: eb34c28f22e8b96e1ab97ce403110664 -> 
  custom:audio-encoder-webm-vorbis: bf7c407c2cedff20999df2af8eb42d56 -> 
  custom:framework-win-MediaFoundation: 216162199b28c13a410421893ffa2e32 -> 
  custom:container-demuxer-ogg: 62fdf1f143b41e24485cea50d1cbac27 -> 
  custom:video-decoder-webm-vp8: 9c59270c3fd7afecdb556c50c9e8de78 -> 
  custom:audio-decoder-ogg-vorbis: bf7c407c2cedff20999df2af8eb42d56 -> 
========================================================================
Received Prepare
Registering precompiled user dll's ...
Registered in 0.010318 seconds.
Begin MonoManager ReloadAssembly
Symbol file LoadedFromMemory doesn't match image C:\Users\student\Desktop\asd\MyNewGame\Library\PackageCache\com.unity.visualscripting@1.7.8\Editor\VisualScripting.Core\Dependencies\YamlDotNet\Unity.VisualScripting.YamlDotNet.dll
Symbol file LoadedFromMemory doesn't match image C:\Users\student\Desktop\asd\MyNewGame\Library\PackageCache\com.unity.visualscripting@1.7.8\Editor\VisualScripting.Core\Dependencies\DotNetZip\Unity.VisualScripting.IonicZip.dll
Native extension for WindowsStandalone target not found
Native extension for iOS target not found
Native extension for Android target not found
Native extension for WebGL target not found
Refreshing native plugins compatible for Editor in 0.84 ms, found 5 plugins.
Preloading 0 native plugins for Editor in 0.00 ms.
Mono: successfully reloaded assembly
- Completed reload, in  1.650 seconds
Domain Reload Profiling:
	ReloadAssembly (1651ms)
		BeginReloadAssembly (189ms)
			ExecutionOrderSort (0ms)
			DisableScriptedObjects (9ms)
			BackupInstance (0ms)
			ReleaseScriptingObjects (0ms)
			CreateAndSetChildDomain (46ms)
		EndReloadAssembly (1280ms)
			LoadAssemblies (132ms)
			RebuildTransferFunctionScriptingTraits (0ms)
			SetupTypeCache (435ms)
			ReleaseScriptCaches (2ms)
			RebuildScriptCaches (70ms)
			SetupLoadedEditorAssemblies (579ms)
				LogAssemblyErrors (0ms)
				InitializePlatformSupportModulesInManaged (61ms)
				SetLoadedEditorAssemblies (2ms)
				RefreshPlugins (1ms)
				BeforeProcessingInitializeOnLoad (125ms)
				ProcessInitializeOnLoadAttributes (327ms)
				ProcessInitializeOnLoadMethodAttributes (50ms)
				AfterProcessingInitializeOnLoad (13ms)
				EditorAssembliesLoaded (0ms)
			ExecutionOrderSort2 (0ms)
			AwakeInstancesAfterBackupRestoration (9ms)
Platform modules already initialized, skipping
Refreshing native plugins compatible for Editor in 4.43 ms, found 5 plugins.
Preloading 0 native plugins for Editor in 0.00 ms.
Unloading 3844 Unused Serialized files (Serialized files now loaded: 0)
Unloading 85 unused Assets / (10.3 MB). Loaded Objects now: 4466.
Memory consumption went from 172.6 MB to 162.3 MB.
Total: 15.308600 ms (FindLiveObjects: 0.458900 ms CreateObjectMapping: 0.298400 ms MarkObjects: 4.822600 ms  DeleteObjects: 9.727000 ms)

AssetImportParameters requested are different than current active one (requested -> active):
  custom:video-decoder-ogg-theora: a1e56fd34408186e4bbccfd4996cb3dc -> 
  custom:container-muxer-webm: aa71ff27fc2769a1b78a27578f13a17b -> 
  custom:container-demuxer-webm: 4f35f7cbe854078d1ac9338744f61a02 -> 
  custom:video-encoder-webm-vp8: eb34c28f22e8b96e1ab97ce403110664 -> 
  custom:audio-encoder-webm-vorbis: bf7c407c2cedff20999df2af8eb42d56 -> 
  custom:framework-win-MediaFoundation: 216162199b28c13a410421893ffa2e32 -> 
  custom:container-demuxer-ogg: 62fdf1f143b41e24485cea50d1cbac27 -> 
  custom:video-decoder-webm-vp8: 9c59270c3fd7afecdb556c50c9e8de78 -> 
  custom:audio-decoder-ogg-vorbis: bf7c407c2cedff20999df2af8eb42d56 -> 
========================================================================
Received Prepare
Registering precompiled user dll's ...
Registered in 0.010223 seconds.
Begin MonoManager ReloadAssembly
Symbol file LoadedFromMemory doesn't match image C:\Users\student\Desktop\asd\MyNewGame\Library\PackageCache\com.unity.visualscripting@1.7.8\Editor\VisualScripting.Core\Dependencies\YamlDotNet\Unity.VisualScripting.YamlDotNet.dll
Symbol file LoadedFromMemory doesn't match image C:\Users\student\Desktop\asd\MyNewGame\Library\PackageCache\com.unity.visualscripting@1.7.8\Editor\VisualScripting.Core\Dependencies\DotNetZip\Unity.VisualScripting.IonicZip.dll
Native extension for WindowsStandalone target not found
Native extension for iOS target not found
Native extension for Android target not found
Native extension for WebGL target not found
Refreshing native plugins compatible for Editor in 1.09 ms, found 5 plugins.
Preloading 0 native plugins for Editor in 0.00 ms.
Mono: successfully reloaded assembly
- Completed reload, in  1.871 seconds
Domain Reload Profiling:
	ReloadAssembly (1872ms)
		BeginReloadAssembly (248ms)
			ExecutionOrderSort (0ms)
			DisableScriptedObjects (13ms)
			BackupInstance (0ms)
			ReleaseScriptingObjects (0ms)
			CreateAndSetChildDomain (63ms)
		EndReloadAssembly (1444ms)
			LoadAssemblies (168ms)
			RebuildTransferFunctionScriptingTraits (0ms)
			SetupTypeCache (494ms)
			ReleaseScriptCaches (2ms)
			RebuildScriptCaches (93ms)
			SetupLoadedEditorAssemblies (621ms)
				LogAssemblyErrors (0ms)
				InitializePlatformSupportModulesInManaged (62ms)
				SetLoadedEditorAssemblies (2ms)
				RefreshPlugins (1ms)
				BeforeProcessingInitializeOnLoad (140ms)
				ProcessInitializeOnLoadAttributes (351ms)
				ProcessInitializeOnLoadMethodAttributes (46ms)
				AfterProcessingInitializeOnLoad (19ms)
				EditorAssembliesLoaded (0ms)
			ExecutionOrderSort2 (0ms)
			AwakeInstancesAfterBackupRestoration (12ms)
Platform modules already initialized, skipping
Refreshing native plugins compatible for Editor in 3.89 ms, found 5 plugins.
Preloading 0 native plugins for Editor in 0.00 ms.
Unloading 3844 Unused Serialized files (Serialized files now loaded: 0)
Unloading 85 unused Assets / (10.3 MB). Loaded Objects now: 4481.
Memory consumption went from 172.6 MB to 162.3 MB.
Total: 12.915000 ms (FindLiveObjects: 0.397400 ms CreateObjectMapping: 0.267600 ms MarkObjects: 3.777900 ms  DeleteObjects: 8.470900 ms)

AssetImportParameters requested are different than current active one (requested -> active):
  custom:video-decoder-ogg-theora: a1e56fd34408186e4bbccfd4996cb3dc -> 
  custom:container-muxer-webm: aa71ff27fc2769a1b78a27578f13a17b -> 
  custom:container-demuxer-webm: 4f35f7cbe854078d1ac9338744f61a02 -> 
  custom:video-encoder-webm-vp8: eb34c28f22e8b96e1ab97ce403110664 -> 
  custom:audio-encoder-webm-vorbis: bf7c407c2cedff20999df2af8eb42d56 -> 
  custom:framework-win-MediaFoundation: 216162199b28c13a410421893ffa2e32 -> 
  custom:container-demuxer-ogg: 62fdf1f143b41e24485cea50d1cbac27 -> 
  custom:video-decoder-webm-vp8: 9c59270c3fd7afecdb556c50c9e8de78 -> 
  custom:audio-decoder-ogg-vorbis: bf7c407c2cedff20999df2af8eb42d56 -> 
Editor requested this worker to shutdown with reason: Scaling down because of idle timeout
AssetImportWorker is now disconnected from the server
Process exiting
Exiting without the bug reporter. Application will terminate with return code 0